Arguments: 
  /home/mikhail/.nvm/versions/node/v10.11.0/bin/node /home/mikhail/.nvm/versions/node/v10.11.0/bin/yarn add @types/rxjs

PATH: 
  /home/mikhail/Applications/Anaconda/bin:/home/mikhail/.nvm/versions/node/v10.11.0/bin:/home/mikhail/Applications/Anaconda/bin:/usr/local/bin:/usr/local/sbin:/usr/bin:/opt/cuda/bin:/usr/lib/jvm/default/bin:/usr/bin/site_perl:/usr/bin/vendor_perl:/usr/bin/core_perl

Yarn version: 
  1.10.1

Node version: 
  10.11.0

Platform: 
  linux x64

Trace: 
  Error: https://registry.yarnpkg.com/@types%2frxjs: Not found
      at Request.params.callback [as _callback] (/home/mikhail/.nvm/versions/node/v10.11.0/lib/node_modules/yarn/lib/cli.js:61073:18)
      at Request.self.callback (/home/mikhail/.nvm/versions/node/v10.11.0/lib/node_modules/yarn/lib/cli.js:120166:22)
      at Request.emit (events.js:182:13)
      at Request.<anonymous> (/home/mikhail/.nvm/versions/node/v10.11.0/lib/node_modules/yarn/lib/cli.js:121138:10)
      at Request.emit (events.js:182:13)
      at IncomingMessage.<anonymous> (/home/mikhail/.nvm/versions/node/v10.11.0/lib/node_modules/yarn/lib/cli.js:121060:12)
      at Object.onceWrapper (events.js:273:13)
      at IncomingMessage.emit (events.js:187:15)
      at endReadableNT (_stream_readable.js:1092:12)
      at process._tickCallback (internal/process/next_tick.js:63:19)

npm manifest: 
  {
    "dependencies": {
      "rxjs": "^6.3.3"
    }
  }

yarn manifest: 
  No manifest

Lockfile: 
  # THIS IS AN AUTOGENERATED FILE. DO NOT EDIT THIS FILE DIRECTLY.
  # yarn lockfile v1
  
  
  rxjs@^6.3.3:
    version "6.3.3"
    resolved "https://registry.yarnpkg.com/rxjs/-/rxjs-6.3.3.tgz#3c6a7fa420e844a81390fb1158a9ec614f4bad55"
    integrity sha512-JTWmoY9tWCs7zvIk/CvRjhjGaOd+OVBM987mxFo+OW66cGpdKjZcpmc74ES1sB//7Kl/PAe8+wEakuhG4pcgOw==
    dependencies:
      tslib "^1.9.0"
  
  tslib@^1.9.0:
    version "1.9.3"
    resolved "https://registry.yarnpkg.com/tslib/-/tslib-1.9.3.tgz#d7e4dd79245d85428c4d7e4822a79917954ca286"
    integrity sha512-4krF8scpejhaOgqzBEcGM7yDIEfi0/8+8zDRZhNZZ2kjmHJ4hv3zCbQWxoJGz1iw5U0Jl0nma13xzHXcncMavQ==
